<?xml version="1.0" encoding="UTF-8"?>
<testsuites name="BhavyanshADOts" time="590.715" tests="1" failures="0" errors="0">
   <testsuite name="BhavyanshADOts" tests="1" failures="0" errors="0" time="590.715" skipped="0" timestamp="27-02-2025T23:33:38" hostname="bhavyansh-katalon - localhost" id="Test Suites/BhavyanshADOts">
      <properties>
         <property name="deviceName" value="iPhone Simulator (UDID: 1200BC)"/>
         <property name="devicePlatform" value="IOS"/>
         <property name="logFolder" value="/Users/bhavyansh-katalon/git/support-reproduce-issue/Reports/20250227_233336/BhavyanshADOts/20250227_233337"/>
         <property name="logFiles" value="/Users/bhavyansh-katalon/git/support-reproduce-issue/Reports/20250227_233336/BhavyanshADOts/20250227_233337/execution0.log"/>
         <property name="attachments" value="keyes/keyes-Home Page.png, /Users/bhavyansh-katalon/git/support-reproduce-issue/Reports/20250227_233336/BhavyanshADOts/20250227_233337/1740679750850.png, keyes/keyes-Home Page.png, keyes/keyes-Login Page.png"/>
         <property name="hostName" value="bhavyansh-katalon - localhost"/>
         <property name="remoteDriverUrl" value="https://katalon-service:0fe52f8d-e050-4b5a-96b3-621784196fd3@ondemand.us-west-1.saucelabs.com:443/wd/hub"/>
         <property name="desiredCapabilities" value="{&#xa;  &quot;appium:launchTimeout&quot;: 240000,&#xa;  &quot;appium:newCommandTimeout&quot;: 0,&#xa;  &quot;appium:takesScreenshot&quot;: true,&#xa;  &quot;appium:keepKeyChains&quot;: true,&#xa;  &quot;appium:bootstrapPath&quot;: &quot;/Volumes/Sauce/wda/wda-v2.0.0-xcode13.0/WebDriverAgent&quot;,&#xa;  &quot;appium:automationName&quot;: &quot;XCUITest&quot;,&#xa;  &quot;appium:locationContextEnabled&quot;: false,&#xa;  &quot;sauce:options&quot;: {},&#xa;  &quot;selenium:webdriver.remote.quietExceptions&quot;: false,&#xa;  &quot;appium:udid&quot;: &quot;1200BCE9-6CC0-4E7E-8DC2-54FCFA7687E2&quot;,&#xa;  &quot;appium:orientation&quot;: &quot;PORTRAIT&quot;,&#xa;  &quot;browserName&quot;: &quot;Safari&quot;,&#xa;  &quot;platformName&quot;: &quot;IOS&quot;,&#xa;  &quot;appium:networkConnectionEnabled&quot;: false,&#xa;  &quot;appium:eventTimings&quot;: true,&#xa;  &quot;appium:derivedDataPath&quot;: &quot;/Volumes/Sauce/wda/wda-v2.0.0-xcode13.0/WebDriverAgent/DerivedData/WebdriverAgent&quot;,&#xa;  &quot;appium:platformVersion&quot;: &quot;16.0&quot;,&#xa;  &quot;appium:noReset&quot;: true,&#xa;  &quot;appium:databaseEnabled&quot;: false,&#xa;  &quot;appium:showIOSLog&quot;: false,&#xa;  &quot;proxy&quot;: {&#xa;    &quot;proxyType&quot;: &quot;DIRECT&quot;,&#xa;    &quot;autodetect&quot;: false&#xa;  },&#xa;  &quot;appium:backendRetries&quot;: 4,&#xa;  &quot;appium:webStorageEnabled&quot;: false,&#xa;  &quot;appium:deviceName&quot;: &quot;iPhone Simulator&quot;,&#xa;  &quot;appium:javascriptEnabled&quot;: true,&#xa;  &quot;appium:maxTypingFrequency&quot;: 8,&#xa;  &quot;appium:preventWDAAttachments&quot;: true,&#xa;  &quot;appium:usePrebuiltWDA&quot;: true&#xa;}"/>
         <property name="os" value="Mac OS X 64bit"/>
         <property name="katalonVersion" value="10.1.0.223"/>
         <property name="browser" value="Safari 16.0"/>
         <property name="hostAddress" value="127.0.0.1"/>
         <property name="sessionId" value="894e65e99caa4129a72e11ac4f45ea7c"/>
         <property name="seleniumVersion" value="4.22.0"/>
         <property name="proxyInformation" value="ProxyInformation { proxyOption=NO_PROXY, proxyServerType=HTTP, username=, password=********, proxyServerAddress=, proxyServerPort=0, executionList=&quot;&quot;, isApplyToDesiredCapabilities=true }"/>
         <property name="platform" value="Mac OS X"/>
      </properties>
      <testcase name="Test Cases/dynamicTCTest" time="246.91" classname="Test Cases/dynamicTCTest" status="PASSED">
         <system-out><![CDATA[27-02-2025T23:39:22 - [TEST_CASE][PASSED] - Test Cases/dynamicTCTest: Test Cases/dynamicTCTest

27-02-2025T23:39:22 - [TEST_STEP][PASSED] - Start listener action : sampleBeforeTestCase: null

27-02-2025T23:39:22 - [TEST_STEP][PASSED] - println(testCaseContext.getTestCaseId()): null

27-02-2025T23:39:22 - [TEST_STEP][PASSED] - println(testCaseContext.getTestCaseVariables()): null

27-02-2025T23:39:22 - [TEST_STEP][PASSED] - dc = new com.kms.katalon.core.driver.internal.DriverCleanerCollector(): null

27-02-2025T23:39:22 - [TEST_STEP][PASSED] - openBrowser(""): Browser is opened with url: ''

27-02-2025T23:39:22 - [MESSAGE][WARNING] - A browser is already opened. Closing browser and opening a new one

27-02-2025T23:39:28 - [MESSAGE][INFO] - User set preference: ['browserName', 'Safari']

27-02-2025T23:39:28 - [MESSAGE][INFO] - User set preference: ['platformName', 'iOS']

27-02-2025T23:39:28 - [MESSAGE][INFO] - User set preference: ['appium:deviceName', 'iPhone Simulator']

27-02-2025T23:39:28 - [MESSAGE][INFO] - User set preference: ['appium:automationName', 'XCUITest']

27-02-2025T23:39:28 - [MESSAGE][INFO] - User set preference: ['appium:platformVersion', '16.0']

27-02-2025T23:39:28 - [MESSAGE][INFO] - User set preference: ['sauce:options', '{appiumVersion=2.0.0, username=katalon-service, accessKey=0fe52f8d-e050-4b5a-96b3-621784196fd3}']

27-02-2025T23:39:28 - [MESSAGE][INFO] - Connecting to remote web server 'ondemand.us-west-1.saucelabs.com/wd/hub' with type 'Appium'

27-02-2025T23:42:07 - [MESSAGE][WARNING] - Your browser version or type does not support the BiDirectional WebDriver Protocol which is required for Smart Locator functionality. Please update your browser or switch to a compatible one.

27-02-2025T23:42:07 - [MESSAGE][WARNING] - Your browser version or type does not support the BiDirectional WebDriver Protocol which is required for Smart Wait functionality. Please update your browser or switch to a compatible one.

27-02-2025T23:42:08 - [MESSAGE][PASSED] - Browser is opened with url: ''

27-02-2025T23:42:08 - [TEST_STEP][PASSED] - navigateToUrl("https://katalon-demo-cura.herokuapp.com/"): Navigate to 'https://katalon-demo-cura.herokuapp.com/' successfully

27-02-2025T23:42:14 - [MESSAGE][PASSED] - Navigate to 'https://katalon-demo-cura.herokuapp.com/' successfully

27-02-2025T23:42:14 - [TEST_STEP][PASSED] - takeScreenshotAsCheckpoint("Home Page"): Taking screenshot successfully

27-02-2025T23:42:27 - [MESSAGE][INFO] - 0 hidden object(s)

27-02-2025T23:42:27 - [MESSAGE][PASSED] - Taking screenshot successfully
[[ATTACHMENT|keyes/keyes-Home Page.png]]

27-02-2025T23:42:27 - [TEST_STEP][PASSED] - click(findTestObject("Object Repository/Page_CURA Healthcare Service/a_Make Appointment")): Object: 'Object Repository/Page_CURA Healthcare Service/a_Make Appointment' is clicked on

27-02-2025T23:43:00 - [MESSAGE][INFO] - Unable to find the element located by 'By.xpath: //a[@id='${id}']'. Please recheck the objects properties to make sure the desired element is located. 

27-02-2025T23:43:00 - [MESSAGE][WARNING] - [SELF-HEALING] Failed to find element with id 'Object Repository/Page_CURA Healthcare Service/a_Make Appointment'. Try using Self-healing.

27-02-2025T23:43:03 - [MESSAGE][WARNING] - [SELF-HEALING] The current locator of test object 'Object Repository/Page_CURA Healthcare Service/a_Make Appointment' was broken. Propose an alternative one: '//a[@id='btn-make-appointment']'.

27-02-2025T23:43:06 - [MESSAGE][PASSED] - Object: 'Object Repository/Page_CURA Healthcare Service/a_Make Appointment' is clicked on

27-02-2025T23:43:06 - [TEST_STEP][PASSED] - setText(findTestObject("Object Repository/Page_CURA Healthcare Service/input_Username_username"), "John Doe"): Text 'John Doe' is set on object 'Object Repository/Page_CURA Healthcare Service/input_Username_username'

27-02-2025T23:43:16 - [MESSAGE][PASSED] - Text 'John Doe' is set on object 'Object Repository/Page_CURA Healthcare Service/input_Username_username'

27-02-2025T23:43:16 - [TEST_STEP][PASSED] - takeScreenshotAsCheckpoint("Login Page"): Taking screenshot successfully

27-02-2025T23:43:22 - [MESSAGE][INFO] - 0 hidden object(s)

27-02-2025T23:43:22 - [MESSAGE][PASSED] - Taking screenshot successfully
[[ATTACHMENT|keyes/keyes-Login Page.png]]

27-02-2025T23:43:22 - [TEST_STEP][PASSED] - closeBrowser(): Browser is closed

27-02-2025T23:43:29 - [MESSAGE][PASSED] - Browser is closed]]></system-out>
         <system-err><![CDATA[]]></system-err>
      </testcase>
      <system-out><![CDATA[27-02-2025T23:33:38 - [TEST_SUITE][FAILED] - BhavyanshADOts: Test Cases/dynamicTCTest FAILED.
Reason:
com.kms.katalon.core.exception.StepFailedException: Unable to click on object 'Object Repository/Page_CURA Healthcare Service/a_Make Appointment'
	at com.kms.katalon.core.webui.keyword.internal.WebUIKeywordMain.stepFailed(WebUIKeywordMain.groovy:117)
	at com.kms.katalon.core.webui.keyword.internal.WebUIKeywordMain.runKeyword(WebUIKeywordMain.groovy:43)
	at com.kms.katalon.core.webui.keyword.builtin.ClickKeyword.click(ClickKeyword.groovy:75)
	at com.kms.katalon.core.webui.keyword.builtin.ClickKeyword.execute(ClickKeyword.groovy:40)
	at com.kms.katalon.core.keyword.internal.KeywordExecutor.executeKeywordForPlatform(KeywordExecutor.groovy:74)
	at com.kms.katalon.core.webui.keyword.WebUiBuiltInKeywords.click(WebUiBuiltInKeywords.groovy:696)
	at dynamicTCTest.run(dynamicTCTest:45)
	at com.kms.katalon.core.main.ScriptEngine.run(ScriptEngine.java:194)
	at com.kms.katalon.core.main.ScriptEngine.runScriptAsRawText(ScriptEngine.java:119)
	at com.kms.katalon.core.main.TestCaseExecutor.runScript(TestCaseExecutor.java:448)
	at com.kms.katalon.core.main.TestCaseExecutor.doExecute(TestCaseExecutor.java:439)
	at com.kms.katalon.core.main.TestCaseExecutor.processExecutionPhase(TestCaseExecutor.java:418)
	at com.kms.katalon.core.main.TestCaseExecutor.accessMainPhase(TestCaseExecutor.java:410)
	at com.kms.katalon.core.main.TestCaseExecutor.execute(TestCaseExecutor.java:285)
	at com.kms.katalon.core.common.CommonExecutor.accessTestCaseMainPhase(CommonExecutor.java:71)
	at com.kms.katalon.core.main.TestSuiteExecutor.accessTestSuiteMainPhase(TestSuiteExecutor.java:160)
	at com.kms.katalon.core.main.TestSuiteExecutor.execute(TestSuiteExecutor.java:107)
	at com.kms.katalon.core.main.TestCaseMain.startTestSuite(TestCaseMain.java:180)
	at TempTestSuite1740679417368.run(TempTestSuite1740679417368.groovy:35)
	at java.base/jdk.internal.reflect.NativeMethodAccessorImpl.invoke0(Native Method)
	at java.base/jdk.internal.reflect.NativeMethodAccessorImpl.invoke(NativeMethodAccessorImpl.java:77)
	at java.base/jdk.internal.reflect.DelegatingMethodAccessorImpl.invoke(DelegatingMethodAccessorImpl.java:43)
Caused by: org.openqa.selenium.StaleElementReferenceException: Element does not exist in cache
For documentation on this error, please visit: https://www.selenium.dev/documentation/webdriver/troubleshooting/errors#stale-element-reference-exception
Build info: version: '4.22.0', revision: 'c5f3146703'
System info: os.name: 'Mac OS X', os.arch: 'aarch64', os.version: '15.3.1', java.version: '17.0.7'
Driver info: io.appium.java_client.ios.IOSDriver
Command: [f26e71019bc74bd68521f40ab7f81565, clickElement {id=:wdc:1740679736076}]
Capabilities {appium:automationName: XCUITest, appium:backendRetries: 4, appium:bootstrapPath: /Volumes/Sauce/wda/wda-v2.0..., appium:databaseEnabled: false, appium:derivedDataPath: /Volumes/Sauce/wda/wda-v2.0..., appium:deviceName: iPhone Simulator, appium:eventTimings: true, appium:javascriptEnabled: true, appium:keepKeyChains: true, appium:launchTimeout: 240000, appium:locationContextEnabled: false, appium:maxTypingFrequency: 8, appium:networkConnectionEnabled: false, appium:newCommandTimeout: 0, appium:noReset: true, appium:orientation: PORTRAIT, appium:platformVersion: 16.0, appium:preventWDAAttachments: true, appium:showIOSLog: false, appium:takesScreenshot: true, appium:udid: 1200BCE9-6CC0-4E7E-8DC2-54F..., appium:usePrebuiltWDA: true, appium:webStorageEnabled: false, browserName: Safari, platformName: IOS, proxy: Proxy(direct), sauce:options: {}, selenium:webdriver.remote.quietExceptions: false}
Element: [[IOSDriver: Safari on IOS (f26e71019bc74bd68521f40ab7f81565)] -> xpath: //a[@id='btn-make-appointment']]
Session ID: f26e71019bc74bd68521f40ab7f81565
	at java.base/jdk.internal.reflect.NativeConstructorAccessorImpl.newInstance0(Native Method)
	at java.base/jdk.internal.reflect.NativeConstructorAccessorImpl.newInstance(NativeConstructorAccessorImpl.java:77)
	at java.base/jdk.internal.reflect.DelegatingConstructorAccessorImpl.newInstance(DelegatingConstructorAccessorImpl.java:45)
	at org.openqa.selenium.remote.ErrorCodec.decode(ErrorCodec.java:167)
	at org.openqa.selenium.remote.codec.w3c.W3CHttpResponseCodec.decode(W3CHttpResponseCodec.java:138)
	at org.openqa.selenium.remote.codec.w3c.W3CHttpResponseCodec.decode(W3CHttpResponseCodec.java:50)
	at org.openqa.selenium.remote.HttpCommandExecutor.execute(HttpCommandExecutor.java:190)
	at io.appium.java_client.remote.AppiumCommandExecutor.execute(AppiumCommandExecutor.java:237)
	at org.openqa.selenium.remote.RemoteWebDriver.execute(RemoteWebDriver.java:518)
	at org.openqa.selenium.remote.RemoteWebElement.execute(RemoteWebElement.java:223)
	at org.openqa.selenium.remote.RemoteWebElement.click(RemoteWebElement.java:76)
	at java.base/jdk.internal.reflect.NativeMethodAccessorImpl.invoke0(Native Method)
	at java.base/jdk.internal.reflect.NativeMethodAccessorImpl.invoke(NativeMethodAccessorImpl.java:77)
	at java.base/jdk.internal.reflect.DelegatingMethodAccessorImpl.invoke(DelegatingMethodAccessorImpl.java:43)
	at org.openqa.selenium.support.decorators.WebDriverDecorator.call(WebDriverDecorator.java:249)
	at org.openqa.selenium.support.decorators.DefaultDecorated.call(DefaultDecorated.java:48)
	at org.openqa.selenium.support.decorators.WebDriverDecorator.lambda$createProxy$2(WebDriverDecorator.java:321)
	at net.bytebuddy.renamed.java.lang.Object$ByteBuddy$3V6vEEgI.click(Unknown Source)
	at org.openqa.selenium.WebElement$click.call(Unknown Source)
	at com.kms.katalon.core.webui.keyword.builtin.ClickKeyword.clickUntilSuccessWithTimeout(ClickKeyword.groovy:82)
	at com.kms.katalon.core.webui.keyword.builtin.ClickKeyword.clickUntilSuccessWithTimeout(ClickKeyword.groovy)
	at java.base/jdk.internal.reflect.NativeMethodAccessorImpl.invoke0(Native Method)
	at java.base/jdk.internal.reflect.NativeMethodAccessorImpl.invoke(NativeMethodAccessorImpl.java:77)
	at java.base/jdk.internal.reflect.DelegatingMethodAccessorImpl.invoke(DelegatingMethodAccessorImpl.java:43)
	at com.kms.katalon.core.webui.keyword.builtin.ClickKeyword$_click_closure1.doCall(ClickKeyword.groovy:68)
	at com.kms.katalon.core.webui.keyword.builtin.ClickKeyword$_click_closure1.call(ClickKeyword.groovy)
	at com.kms.katalon.core.webui.keyword.internal.WebUIKeywordMain.runKeyword(WebUIKeywordMain.groovy:35)
	... 20 more]]></system-out>
      <system-err><![CDATA[27-02-2025T23:33:38 - [TEST_SUITE][FAILED] - BhavyanshADOts: Test Cases/dynamicTCTest FAILED.
Reason:
com.kms.katalon.core.exception.StepFailedException: Unable to click on object 'Object Repository/Page_CURA Healthcare Service/a_Make Appointment'
	at com.kms.katalon.core.webui.keyword.internal.WebUIKeywordMain.stepFailed(WebUIKeywordMain.groovy:117)
	at com.kms.katalon.core.webui.keyword.internal.WebUIKeywordMain.runKeyword(WebUIKeywordMain.groovy:43)
	at com.kms.katalon.core.webui.keyword.builtin.ClickKeyword.click(ClickKeyword.groovy:75)
	at com.kms.katalon.core.webui.keyword.builtin.ClickKeyword.execute(ClickKeyword.groovy:40)
	at com.kms.katalon.core.keyword.internal.KeywordExecutor.executeKeywordForPlatform(KeywordExecutor.groovy:74)
	at com.kms.katalon.core.webui.keyword.WebUiBuiltInKeywords.click(WebUiBuiltInKeywords.groovy:696)
	at dynamicTCTest.run(dynamicTCTest:45)
	at com.kms.katalon.core.main.ScriptEngine.run(ScriptEngine.java:194)
	at com.kms.katalon.core.main.ScriptEngine.runScriptAsRawText(ScriptEngine.java:119)
	at com.kms.katalon.core.main.TestCaseExecutor.runScript(TestCaseExecutor.java:448)
	at com.kms.katalon.core.main.TestCaseExecutor.doExecute(TestCaseExecutor.java:439)
	at com.kms.katalon.core.main.TestCaseExecutor.processExecutionPhase(TestCaseExecutor.java:418)
	at com.kms.katalon.core.main.TestCaseExecutor.accessMainPhase(TestCaseExecutor.java:410)
	at com.kms.katalon.core.main.TestCaseExecutor.execute(TestCaseExecutor.java:285)
	at com.kms.katalon.core.common.CommonExecutor.accessTestCaseMainPhase(CommonExecutor.java:71)
	at com.kms.katalon.core.main.TestSuiteExecutor.accessTestSuiteMainPhase(TestSuiteExecutor.java:160)
	at com.kms.katalon.core.main.TestSuiteExecutor.execute(TestSuiteExecutor.java:107)
	at com.kms.katalon.core.main.TestCaseMain.startTestSuite(TestCaseMain.java:180)
	at TempTestSuite1740679417368.run(TempTestSuite1740679417368.groovy:35)
	at java.base/jdk.internal.reflect.NativeMethodAccessorImpl.invoke0(Native Method)
	at java.base/jdk.internal.reflect.NativeMethodAccessorImpl.invoke(NativeMethodAccessorImpl.java:77)
	at java.base/jdk.internal.reflect.DelegatingMethodAccessorImpl.invoke(DelegatingMethodAccessorImpl.java:43)
Caused by: org.openqa.selenium.StaleElementReferenceException: Element does not exist in cache
For documentation on this error, please visit: https://www.selenium.dev/documentation/webdriver/troubleshooting/errors#stale-element-reference-exception
Build info: version: '4.22.0', revision: 'c5f3146703'
System info: os.name: 'Mac OS X', os.arch: 'aarch64', os.version: '15.3.1', java.version: '17.0.7'
Driver info: io.appium.java_client.ios.IOSDriver
Command: [f26e71019bc74bd68521f40ab7f81565, clickElement {id=:wdc:1740679736076}]
Capabilities {appium:automationName: XCUITest, appium:backendRetries: 4, appium:bootstrapPath: /Volumes/Sauce/wda/wda-v2.0..., appium:databaseEnabled: false, appium:derivedDataPath: /Volumes/Sauce/wda/wda-v2.0..., appium:deviceName: iPhone Simulator, appium:eventTimings: true, appium:javascriptEnabled: true, appium:keepKeyChains: true, appium:launchTimeout: 240000, appium:locationContextEnabled: false, appium:maxTypingFrequency: 8, appium:networkConnectionEnabled: false, appium:newCommandTimeout: 0, appium:noReset: true, appium:orientation: PORTRAIT, appium:platformVersion: 16.0, appium:preventWDAAttachments: true, appium:showIOSLog: false, appium:takesScreenshot: true, appium:udid: 1200BCE9-6CC0-4E7E-8DC2-54F..., appium:usePrebuiltWDA: true, appium:webStorageEnabled: false, browserName: Safari, platformName: IOS, proxy: Proxy(direct), sauce:options: {}, selenium:webdriver.remote.quietExceptions: false}
Element: [[IOSDriver: Safari on IOS (f26e71019bc74bd68521f40ab7f81565)] -> xpath: //a[@id='btn-make-appointment']]
Session ID: f26e71019bc74bd68521f40ab7f81565
	at java.base/jdk.internal.reflect.NativeConstructorAccessorImpl.newInstance0(Native Method)
	at java.base/jdk.internal.reflect.NativeConstructorAccessorImpl.newInstance(NativeConstructorAccessorImpl.java:77)
	at java.base/jdk.internal.reflect.DelegatingConstructorAccessorImpl.newInstance(DelegatingConstructorAccessorImpl.java:45)
	at org.openqa.selenium.remote.ErrorCodec.decode(ErrorCodec.java:167)
	at org.openqa.selenium.remote.codec.w3c.W3CHttpResponseCodec.decode(W3CHttpResponseCodec.java:138)
	at org.openqa.selenium.remote.codec.w3c.W3CHttpResponseCodec.decode(W3CHttpResponseCodec.java:50)
	at org.openqa.selenium.remote.HttpCommandExecutor.execute(HttpCommandExecutor.java:190)
	at io.appium.java_client.remote.AppiumCommandExecutor.execute(AppiumCommandExecutor.java:237)
	at org.openqa.selenium.remote.RemoteWebDriver.execute(RemoteWebDriver.java:518)
	at org.openqa.selenium.remote.RemoteWebElement.execute(RemoteWebElement.java:223)
	at org.openqa.selenium.remote.RemoteWebElement.click(RemoteWebElement.java:76)
	at java.base/jdk.internal.reflect.NativeMethodAccessorImpl.invoke0(Native Method)
	at java.base/jdk.internal.reflect.NativeMethodAccessorImpl.invoke(NativeMethodAccessorImpl.java:77)
	at java.base/jdk.internal.reflect.DelegatingMethodAccessorImpl.invoke(DelegatingMethodAccessorImpl.java:43)
	at org.openqa.selenium.support.decorators.WebDriverDecorator.call(WebDriverDecorator.java:249)
	at org.openqa.selenium.support.decorators.DefaultDecorated.call(DefaultDecorated.java:48)
	at org.openqa.selenium.support.decorators.WebDriverDecorator.lambda$createProxy$2(WebDriverDecorator.java:321)
	at net.bytebuddy.renamed.java.lang.Object$ByteBuddy$3V6vEEgI.click(Unknown Source)
	at org.openqa.selenium.WebElement$click.call(Unknown Source)
	at com.kms.katalon.core.webui.keyword.builtin.ClickKeyword.clickUntilSuccessWithTimeout(ClickKeyword.groovy:82)
	at com.kms.katalon.core.webui.keyword.builtin.ClickKeyword.clickUntilSuccessWithTimeout(ClickKeyword.groovy)
	at java.base/jdk.internal.reflect.NativeMethodAccessorImpl.invoke0(Native Method)
	at java.base/jdk.internal.reflect.NativeMethodAccessorImpl.invoke(NativeMethodAccessorImpl.java:77)
	at java.base/jdk.internal.reflect.DelegatingMethodAccessorImpl.invoke(DelegatingMethodAccessorImpl.java:43)
	at com.kms.katalon.core.webui.keyword.builtin.ClickKeyword$_click_closure1.doCall(ClickKeyword.groovy:68)
	at com.kms.katalon.core.webui.keyword.builtin.ClickKeyword$_click_closure1.call(ClickKeyword.groovy)
	at com.kms.katalon.core.webui.keyword.internal.WebUIKeywordMain.runKeyword(WebUIKeywordMain.groovy:35)
	... 20 more]]></system-err>
   </testsuite>
</testsuites>
